<?xml version="1.0" encoding="UTF-8"?>
<!-- Generated by org.testng.reporters.JUnitReportReporter -->
<testsuite skipped="0" hostname="ASDW0129" name="com.qait.automation.tatoc.tests.AdvancedTest" tests="3" failures="0" timestamp="2020-03-12T16:01:48 IST" time="2.334" errors="0">
  <testcase name="TC01" time="0.571" classname="com.qait.automation.tatoc.tests.AdvancedTest"/>
  <testcase name="TC02" time="0.463" classname="com.qait.automation.tatoc.tests.AdvancedTest"/>
  <testcase name="TC03" time="1.300" classname="com.qait.automation.tatoc.tests.AdvancedTest"/>
</testsuite> <!-- com.qait.automation.tatoc.tests.AdvancedTest -->
