<?xml version="1.0" encoding="UTF-8"?>
<!-- Generated by org.testng.reporters.JUnitReportReporter -->
<testsuite skipped="0" hostname="ASDW0129" name="Advanced.NewTest" tests="3" failures="0" timestamp="2020-03-02T10:52:16 IST" time="1.392" errors="0">
  <testcase name="TC01" time="0.312" classname="Advanced.NewTest"/>
  <testcase name="TC02" time="0.403" classname="Advanced.NewTest"/>
  <testcase name="TC03" time="0.677" classname="Advanced.NewTest"/>
</testsuite> <!-- Advanced.NewTest -->
